<?xml version="1.0" encoding="UTF-8"?>
<testng-results ignored="0" total="4" passed="4" failed="0" skipped="0">
  <reporter-output>
  </reporter-output>
  <suite started-at="2024-06-09T12:24:10 GST" name="Suite1" finished-at="2024-06-09T12:24:15 GST" duration-ms="4231">
    <groups>
    </groups>
    <test started-at="2024-06-09T12:24:10 GST" name="RestAssured1" finished-at="2024-06-09T12:24:15 GST" duration-ms="4231">
      <class name="httpmethods.HttpRequests">
        <test-method signature="getUser()[pri:1, instance:httpmethods.HttpRequests@4659191b]" started-at="2024-06-09T12:24:10 GST" name="getUser" finished-at="2024-06-09T12:24:13 GST" duration-ms="2394" status="PASS">
          <reporter-output>
          </reporter-output>
        </test-method> <!-- getUser -->
        <test-method signature="addNewUser()[pri:2, instance:httpmethods.HttpRequests@4659191b]" started-at="2024-06-09T12:24:13 GST" name="addNewUser" finished-at="2024-06-09T12:24:14 GST" duration-ms="817" status="PASS">
          <reporter-output>
          </reporter-output>
        </test-method> <!-- addNewUser -->
        <test-method signature="updateRecord()[pri:3, instance:httpmethods.HttpRequests@4659191b]" started-at="2024-06-09T12:24:14 GST" name="updateRecord" finished-at="2024-06-09T12:24:14 GST" depends-on-methods="httpmethods.HttpRequests.addNewUser" duration-ms="471" status="PASS">
          <reporter-output>
          </reporter-output>
        </test-method> <!-- updateRecord -->
        <test-method signature="deleteUser()[pri:4, instance:httpmethods.HttpRequests@4659191b]" started-at="2024-06-09T12:24:14 GST" name="deleteUser" finished-at="2024-06-09T12:24:15 GST" duration-ms="477" status="PASS">
          <reporter-output>
          </reporter-output>
        </test-method> <!-- deleteUser -->
      </class> <!-- httpmethods.HttpRequests -->
    </test> <!-- RestAssured1 -->
  </suite> <!-- Suite1 -->
</testng-results>
