<?xml version="1.0" encoding="UTF-8"?>
<!-- Generated by org.testng.reporters.JUnitXMLReporter -->
<testsuite ignored="0" hostname="DESKTOP-EP6UAGA" failures="0" tests="4" name="Default test" time="5.798" errors="0" timestamp="2024-06-06T09:17:15 GST">
  <testcase classname="httpmethods.HttpRequests" name="getUser" time="2.888"/>
  <testcase classname="httpmethods.HttpRequests" name="addNewUser" time="1.064"/>
  <testcase classname="httpmethods.HttpRequests" name="updateRecord" time="1.079"/>
  <testcase classname="httpmethods.HttpRequests" name="deleteUser" time="0.691"/>
</testsuite> <!-- Default test -->
